<?xml version="1.0" encoding="UTF-8"?>
<!-- Generated by org.testng.reporters.JUnitXMLReporter -->
<testsuite ignored="0" hostname="IBARAR-PC" failures="0" tests="18" name="Test" time="0.139" errors="0" timestamp="2023-03-30T19:41:11 IST">
  <testcase classname="testngFlag.GroupExecution" name="ft1" time="0.013"/>
  <testcase classname="testngFlag.GroupExecution" name="ft2" time="0.002"/>
  <testcase classname="testngFlag.GroupExecution" name="ft3" time="0.002"/>
  <testcase classname="testngFlag.GroupExecution" name="ft4" time="0.002"/>
  <testcase classname="testngFlag.GroupExecution" name="ft5" time="0.001"/>
  <testcase classname="testngFlag.GroupExecution" name="ft6" time="0.003"/>
  <testcase classname="testngFlag.GroupExecution" name="it1" time="0.001"/>
  <testcase classname="testngFlag.GroupExecution" name="it2" time="0.002"/>
  <testcase classname="testngFlag.GroupExecution" name="it3" time="0.002"/>
  <testcase classname="testngFlag.GroupExecution" name="it4" time="0.002"/>
  <testcase classname="testngFlag.GroupExecution" name="it5" time="0.001"/>
  <testcase classname="testngFlag.GroupExecution" name="it6" time="0.002"/>
  <testcase classname="testngFlag.GroupExecution" name="st1" time="0.002"/>
  <testcase classname="testngFlag.GroupExecution" name="st2" time="0.001"/>
  <testcase classname="testngFlag.GroupExecution" name="st3" time="0.002"/>
  <testcase classname="testngFlag.GroupExecution" name="st4" time="0.004"/>
  <testcase classname="testngFlag.GroupExecution" name="st5" time="0.001"/>
  <testcase classname="testngFlag.GroupExecution" name="st6" time="0.002"/>
</testsuite> <!-- Test -->
