<?xml version="1.0" encoding="UTF-8"?>
<!-- Generated by org.testng.reporters.JUnitXMLReporter -->
<testsuite ignored="3" hostname="IBARAR-PC" failures="0" tests="0" time="0.013" errors="0" timestamp="2023-03-27T19:06:11 IST">
  <testcase classname="testNGpack.Demo2" name="m3" time="0.0">
    <ignored/>
  </testcase> <!-- m3 -->
  <testcase classname="testNGpack.Demo2" name="m4" time="0.0">
    <ignored/>
  </testcase> <!-- m4 -->
  <testcase classname="testNGpack.Demo2" name="dm2" time="0.0">
    <ignored/>
  </testcase> <!-- dm2 -->
</testsuite>
